2024-08-09 09:09:32 - INFO - 程序启动
2024-08-09 09:09:48 - INFO - run_command 执行
2024-08-09 09:09:48 - INFO - <Popen: returncode: None args: ['./tools/ffmpeg.exe', '-y', '-i', 'X:\\Upupo...>
2024-08-09 10:54:56 - INFO - 程序启动
2024-08-09 10:57:05 - INFO - run_command 执行
2024-08-09 10:57:06 - INFO - <Popen: returncode: None args: ['./tools/ffmpeg.exe', '-y', '-i', 'X:\\Upupo...>
2024-08-09 11:08:10 - INFO - 程序启动
2024-08-09 11:08:21 - INFO - run_command 执行
2024-08-09 11:08:21 - INFO - <Popen: returncode: None args: ['./tools/ffmpeg.exe', '-y', '-i', 'X:\\Upupo...>
2024-08-09 11:08:44 - INFO - 程序启动
2024-08-09 11:08:51 - INFO - run_command 执行
2024-08-09 11:08:51 - INFO - <Popen: returncode: None args: ['./tools/ffmpeg.exe', '-y', '-i', 'X:\\Upupo...>
2024-08-09 11:09:42 - INFO - 程序启动
2024-08-09 11:09:48 - INFO - run_command 执行
2024-08-09 11:09:48 - INFO - <Popen: returncode: None args: ['./tools/ffmpeg.exe', '-y', '-i', 'X:\\Upupo...>
2024-08-09 11:10:02 - INFO - 程序启动
2024-08-09 11:10:08 - INFO - run_command 执行
2024-08-09 11:10:08 - INFO - <Popen: returncode: None args: ['./tools/ffmpeg.exe', '-y', '-i', 'X:\\Upupo...>
2024-08-09 11:10:27 - INFO - 程序启动
2024-08-09 11:10:33 - INFO - run_command 执行
2024-08-09 11:10:33 - INFO - <Popen: returncode: None args: ['./tools/ffmpeg.exe', '-y', '-i', 'X:\\Upupo...>
2024-08-09 11:10:59 - INFO - run_command 执行
2024-08-09 11:10:59 - INFO - <Popen: returncode: None args: ['./tools/ffmpeg.exe', '-y', '-i', 'X:\\Captu...>
2024-08-09 11:11:21 - INFO - run_command 执行
2024-08-09 11:11:21 - INFO - <Popen: returncode: None args: ['./tools/ffmpeg.exe', '-y', '-i', 'C:\\Users...>
2024-08-09 11:12:53 - INFO - run_command 执行
2024-08-09 11:12:53 - INFO - <Popen: returncode: None args: ['./tools/ffmpeg.exe', '-y', '-i', 'X:\\Upupo...>
2024-08-09 11:12:57 - INFO - run_command 执行
2024-08-09 11:12:57 - INFO - <Popen: returncode: None args: ['./tools/ffmpeg.exe', '-y', '-i', 'X:\\Captu...>
2024-08-09 11:13:07 - INFO - run_command 执行
2024-08-09 11:13:07 - INFO - <Popen: returncode: None args: ['./tools/ffmpeg.exe', '-y', '-i', 'C:\\Users...>
2024-08-09 11:18:52 - INFO - 程序启动
2024-08-09 11:18:57 - INFO - run_command 执行
2024-08-09 11:18:57 - INFO - run_command 执行
2024-08-09 11:18:57 - INFO - run_command 执行
2024-08-09 11:18:57 - INFO - <Popen: returncode: None args: ['./tools/ffmpeg.exe', '-y', '-i', 'C:\\Users...>
2024-08-09 11:18:57 - INFO - <Popen: returncode: None args: ['./tools/ffmpeg.exe', '-y', '-i', 'X:\\Captu...>
2024-08-09 11:18:57 - INFO - <Popen: returncode: None args: ['./tools/ffmpeg.exe', '-y', '-i', 'X:\\Upupo...>
2024-08-09 11:19:51 - INFO - 程序启动
2024-08-09 11:19:57 - INFO - run_command 执行
2024-08-09 11:19:57 - INFO - run_command 执行
2024-08-09 11:19:57 - INFO - run_command 执行
2024-08-09 11:19:57 - INFO - <Popen: returncode: None args: ['./tools/ffmpeg.exe', '-y', '-i', 'C:\\Users...>
2024-08-09 11:19:57 - INFO - <Popen: returncode: None args: ['./tools/ffmpeg.exe', '-y', '-i', 'X:\\Captu...>
2024-08-09 11:19:57 - INFO - <Popen: returncode: None args: ['./tools/ffmpeg.exe', '-y', '-i', 'X:\\Upupo...>
2024-08-09 13:14:27 - INFO - 程序启动
2024-08-09 13:14:58 - INFO - run_command 执行
2024-08-09 13:14:58 - INFO - <Popen: returncode: None args: ['./tools/ffmpeg.exe', '-y', '-i', 'X:\\Upupo...>
2024-08-09 13:15:53 - INFO - 程序启动
2024-08-09 13:15:59 - INFO - run_command 执行
2024-08-09 13:15:59 - INFO - run_command 执行
2024-08-09 13:15:59 - INFO - run_command 执行
2024-08-09 13:15:59 - INFO - <Popen: returncode: None args: ['./tools/ffmpeg.exe', '-y', '-i', 'X:\\Captu...>
2024-08-09 13:15:59 - INFO - <Popen: returncode: None args: ['./tools/ffmpeg.exe', '-y', '-i', 'X:\\Upupo...>
2024-08-09 13:15:59 - INFO - <Popen: returncode: None args: ['./tools/ffmpeg.exe', '-y', '-i', 'C:\\Users...>
2024-08-09 13:39:47 - INFO - 程序启动
2024-08-09 13:39:52 - INFO - run_command 执行
2024-08-09 13:39:52 - INFO - run_command 执行
2024-08-09 13:39:52 - INFO - run_command 执行
2024-08-09 13:39:52 - INFO - <Popen: returncode: None args: ['./tools/ffmpeg.exe', '-y', '-i', 'X:\\Captu...>
2024-08-09 13:39:52 - INFO - <Popen: returncode: None args: ['./tools/ffmpeg.exe', '-y', '-i', 'C:\\Users...>
2024-08-09 13:39:52 - INFO - <Popen: returncode: None args: ['./tools/ffmpeg.exe', '-y', '-i', 'X:\\Upupo...>
2024-08-09 13:54:13 - INFO - 程序启动
2024-08-09 13:54:18 - INFO - run_command 执行
2024-08-09 13:54:18 - INFO - run_command 执行
2024-08-09 13:54:18 - INFO - run_command 执行
2024-08-09 13:54:18 - INFO - <Popen: returncode: None args: ['./tools/ffmpeg.exe', '-y', '-i', 'X:\\Upupo...>
2024-08-09 13:54:18 - INFO - <Popen: returncode: None args: ['./tools/ffmpeg.exe', '-y', '-i', 'C:\\Users...>
2024-08-09 13:54:18 - INFO - <Popen: returncode: None args: ['./tools/ffmpeg.exe', '-y', '-i', 'X:\\Captu...>
2024-08-09 13:54:20 - ERROR - run_command_except Exception as e: 
2024-08-09 13:54:20 - ERROR - run_command_except Exception as e: 
2024-08-09 13:54:21 - ERROR - run_command_except Exception as e: 
2024-08-09 13:55:48 - INFO - 程序启动
2024-08-09 13:55:53 - INFO - run_command 执行
2024-08-09 13:55:53 - INFO - run_command 执行
2024-08-09 13:55:53 - INFO - run_command 执行
2024-08-09 13:55:53 - INFO - <Popen: returncode: None args: ['./tools/ffmpeg.exe', '-y', '-i', 'C:\\Users...>
2024-08-09 13:55:53 - INFO - <Popen: returncode: None args: ['./tools/ffmpeg.exe', '-y', '-i', 'X:\\Upupo...>
2024-08-09 13:55:53 - INFO - <Popen: returncode: None args: ['./tools/ffmpeg.exe', '-y', '-i', 'X:\\Captu...>
2024-08-09 13:55:54 - ERROR - run_command_except Exception as e: 'ProgressApp' object has no attribute 'after'
2024-08-09 13:55:55 - ERROR - run_command_except Exception as e: 'ProgressApp' object has no attribute 'after'
2024-08-09 13:55:55 - ERROR - run_command_except Exception as e: 'ProgressApp' object has no attribute 'after'
2024-08-09 13:57:09 - INFO - 程序启动
2024-08-09 13:57:14 - INFO - run_command 执行
2024-08-09 13:57:14 - INFO - run_command 执行
2024-08-09 13:57:14 - INFO - run_command 执行
2024-08-09 13:57:14 - INFO - <Popen: returncode: None args: ['./tools/ffmpeg.exe', '-y', '-i', 'X:\\Upupo...>
2024-08-09 13:57:14 - INFO - <Popen: returncode: None args: ['./tools/ffmpeg.exe', '-y', '-i', 'X:\\Captu...>
2024-08-09 13:57:14 - INFO - <Popen: returncode: None args: ['./tools/ffmpeg.exe', '-y', '-i', 'C:\\Users...>
2024-08-09 13:58:33 - INFO - 程序启动
2024-08-09 13:58:39 - INFO - run_command 执行
2024-08-09 13:58:39 - INFO - <Popen: returncode: None args: ['./tools/ffmpeg.exe', '-y', '-i', 'X:\\Upupo...>
2024-08-09 13:58:43 - INFO - run_command 执行
2024-08-09 13:58:43 - INFO - <Popen: returncode: None args: ['./tools/ffmpeg.exe', '-y', '-i', 'X:\\Captu...>
2024-08-09 13:58:52 - INFO - run_command 执行
2024-08-09 13:58:52 - INFO - <Popen: returncode: None args: ['./tools/ffmpeg.exe', '-y', '-i', 'C:\\Users...>
2024-08-09 16:10:29 - INFO - 程序启动
2024-08-09 16:10:35 - INFO - run_command 执行
2024-08-09 16:10:35 - ERROR - run_command_except Exception as e: I/O operation on closed file
2024-08-09 16:10:35 - INFO - run_command 执行
2024-08-09 16:10:35 - ERROR - run_command_except Exception as e: I/O operation on closed file
2024-08-09 16:10:35 - INFO - run_command 执行
2024-08-09 16:10:35 - ERROR - run_command_except Exception as e: I/O operation on closed file
2024-08-09 16:11:03 - INFO - run_command 执行
2024-08-09 16:11:03 - ERROR - run_command_except Exception as e: I/O operation on closed file
2024-08-09 16:13:38 - INFO - 程序启动
2024-08-09 16:14:21 - INFO - 程序启动
2024-08-09 16:14:34 - INFO - run_command 执行
2024-08-09 16:14:34 - ERROR - run_command_except Exception as e: I/O operation on closed file
2024-08-09 16:14:53 - INFO - run_command 执行
2024-08-09 16:18:14 - INFO - 程序启动
2024-08-09 16:18:19 - INFO - run_command 执行
2024-08-09 16:18:19 - INFO - <Popen: returncode: None args: ['./tools/ffmpeg.exe', '-y', '-i', 'X:\\Upupo...>
2024-08-09 16:21:20 - INFO - 程序启动
2024-08-09 16:21:25 - INFO - run_command 执行
2024-08-09 16:21:25 - INFO - <Popen: returncode: None args: ['./tools/ffmpeg.exe', '-y', '-i', 'X:\\Upupo...>
2024-08-09 16:21:29 - ERROR - run_command_except Exception as e: 'gbk' codec can't decode byte 0xae in position 2368: illegal multibyte sequence
2024-08-09 16:22:57 - INFO - 程序启动
2024-08-09 16:23:02 - INFO - run_command 执行
2024-08-09 16:23:02 - INFO - <Popen: returncode: None args: ['./tools/ffmpeg.exe', '-y', '-i', 'X:\\Upupo...>
2024-08-09 16:23:05 - ERROR - run_command_except Exception as e: 'gbk' codec can't decode byte 0xae in position 2368: illegal multibyte sequence
2024-08-09 16:23:45 - INFO - 程序启动
2024-08-09 16:23:50 - INFO - run_command 执行
2024-08-09 16:24:18 - INFO - 程序启动
2024-08-09 16:24:23 - INFO - run_command 执行
2024-08-09 16:24:39 - INFO - 程序启动
2024-08-09 16:24:45 - INFO - run_command 执行
2024-08-09 16:24:45 - INFO - <Popen: returncode: None args: ['./tools/ffmpeg.exe', '-y', '-i', 'X:\\Upupo...>
2024-08-09 16:25:00 - ERROR - run_command_except Exception as e: 'gbk' codec can't decode byte 0xae in position 2368: illegal multibyte sequence
2024-08-09 16:25:40 - INFO - 程序启动
2024-08-09 16:25:46 - INFO - run_command 执行
2024-08-09 16:25:46 - INFO - <Popen: returncode: None args: ['./tools/ffmpeg.exe', '-y', '-i', 'X:\\Upupo...>
2024-08-09 16:26:21 - INFO - 程序启动
2024-08-09 16:26:27 - INFO - run_command 执行
2024-08-09 16:26:27 - INFO - <Popen: returncode: None args: ['./tools/ffmpeg.exe', '-y', '-i', 'X:\\Upupo...>
2024-08-09 16:27:04 - ERROR - run_command_except Exception as e: 'gbk' codec can't decode byte 0xae in position 2368: illegal multibyte sequence
2024-08-09 16:27:52 - INFO - 程序启动
2024-08-09 16:27:57 - INFO - run_command 执行
2024-08-09 16:27:57 - INFO - <Popen: returncode: None args: ['./tools/ffmpeg.exe', '-y', '-i', 'X:\\Upupo...>
2024-08-09 17:12:07 - INFO - 程序启动
2024-08-09 17:12:14 - INFO - run_command 执行
2024-08-09 17:12:14 - INFO - <Popen: returncode: None args: ['./tools/ffmpeg.exe', '-y', '-i', 'X:\\Upupo...>
2024-08-09 17:13:30 - INFO - 程序启动
2024-08-09 17:13:36 - INFO - run_command 执行
2024-08-09 17:13:36 - INFO - <Popen: returncode: None args: ['./tools/ffmpeg.exe', '-y', '-i', 'X:\\Upupo...>
2024-08-09 17:14:14 - INFO - 程序启动
2024-08-09 17:14:20 - INFO - run_command 执行
2024-08-09 17:14:20 - INFO - <Popen: returncode: None args: ['./tools/ffmpeg.exe', '-y', '-i', 'X:\\Upupo...>
2024-08-09 17:14:49 - INFO - 程序启动
2024-08-09 17:14:54 - INFO - run_command 执行
2024-08-09 17:14:54 - INFO - <Popen: returncode: None args: ['./tools/ffmpeg.exe', '-y', '-i', 'X:\\Upupo...>
2024-08-09 17:17:50 - INFO - 程序启动
2024-08-09 17:17:57 - INFO - run_command 执行
2024-08-09 17:17:57 - INFO - <Popen: returncode: None args: ['./tools/ffmpeg.exe', '-y', '-i', 'X:\\Upupo...>
2024-08-09 17:18:41 - INFO - 程序启动
2024-08-09 17:18:47 - INFO - run_command 执行
2024-08-09 17:18:47 - INFO - <Popen: returncode: None args: ['./tools/ffmpeg.exe', '-y', '-i', 'X:\\Upupo...>
2024-08-09 17:19:26 - INFO - run_command 执行
2024-08-09 17:19:26 - INFO - <Popen: returncode: None args: ['./tools/ffmpeg.exe', '-y', '-i', 'X:\\Upupo...>
2024-08-09 17:19:51 - INFO - 程序启动
2024-08-09 17:37:15 - INFO - run_command 执行
2024-08-09 17:37:15 - INFO - <Popen: returncode: None args: ['./tools/ffmpeg.exe', '-y', '-i', 'X:\\Upupo...>
2024-08-09 17:38:19 - INFO - 程序启动
2024-08-09 17:38:24 - INFO - run_command 执行
2024-08-09 17:38:24 - INFO - <Popen: returncode: None args: ['./tools/ffmpeg.exe', '-y', '-i', 'X:\\Upupo...>
2024-08-09 17:38:41 - INFO - run_command 执行
2024-08-09 17:38:41 - INFO - <Popen: returncode: None args: ['./tools/ffmpeg.exe', '-y', '-i', 'X:\\Upupo...>
2024-08-09 17:38:46 - INFO - run_command 执行
2024-08-09 17:38:46 - INFO - <Popen: returncode: None args: ['./tools/ffmpeg.exe', '-y', '-i', 'X:\\Captu...>
2024-08-09 17:38:57 - INFO - run_command 执行
2024-08-09 17:38:57 - INFO - <Popen: returncode: None args: ['./tools/ffmpeg.exe', '-y', '-i', 'C:\\Users...>
2024-08-09 17:41:14 - INFO - 程序启动
2024-08-09 17:41:20 - INFO - run_command 执行
2024-08-09 17:41:20 - INFO - <Popen: returncode: None args: ['./tools/ffmpeg.exe', '-y', '-i', 'X:\\Upupo...>
2024-08-10 08:40:02 - INFO - run_command 执行
2024-08-10 08:40:02 - INFO - <Popen: returncode: None args: ['./tools/ffmpeg.exe', '-y', '-i', 'X:\\Upupo...>
2024-08-10 09:10:52 - INFO - 程序启动
2024-08-10 09:11:00 - INFO - run_command 执行
2024-08-10 09:11:00 - ERROR - An error occurred: I/O operation on closed file.
2024-08-10 09:13:10 - INFO - 程序启动
2024-08-10 09:13:17 - INFO - run_command 执行
2024-08-10 09:13:21 - INFO - Process exited with code 0
2024-08-10 09:14:00 - INFO - run_command 执行
2024-08-10 09:14:04 - INFO - Process exited with code 0
2024-08-10 09:15:08 - INFO - 程序启动
2024-08-10 09:15:13 - INFO - run_command 执行
2024-08-10 09:15:17 - INFO - Process exited with code 0
2024-08-10 09:15:25 - INFO - run_command 执行
2024-08-10 09:15:29 - INFO - Process exited with code 0
2024-08-10 09:15:29 - INFO - run_command 执行
2024-08-10 09:15:39 - INFO - Process exited with code 0
2024-08-10 09:15:39 - INFO - run_command 执行
2024-08-10 09:15:56 - INFO - Process exited with code 0
2024-08-10 09:20:22 - INFO - 程序启动
2024-08-10 09:22:15 - INFO - 程序启动
2024-08-10 09:22:51 - INFO - 程序启动
2024-08-10 09:23:43 - INFO - 程序启动
2024-08-10 11:05:02 - INFO - 程序启动
2024-08-10 12:28:24 - INFO - 程序启动
2024-08-10 12:28:45 - INFO - 程序启动
2024-08-10 12:29:05 - INFO - run_command 执行
2024-08-10 12:29:09 - INFO - Process exited with code 0
2024-08-10 12:29:52 - INFO - 程序启动
2024-08-10 12:30:07 - INFO - 程序启动
2024-08-10 12:30:14 - INFO - run_command 执行
2024-08-10 12:30:17 - INFO - Process exited with code 0
2024-08-10 12:31:57 - INFO - 程序启动
2024-08-10 12:32:11 - INFO - 程序启动
2024-08-10 12:32:18 - INFO - run_command 执行
2024-08-10 12:32:21 - INFO - Process exited with code 0
2024-08-10 12:34:16 - INFO - 程序启动
2024-08-10 12:34:39 - INFO - 程序启动
2024-08-10 12:34:48 - INFO - run_command 执行
2024-08-10 12:34:52 - INFO - Process exited with code 0
2024-08-10 12:35:41 - INFO - 程序启动
2024-08-10 12:36:48 - INFO - 程序启动
2024-08-10 12:37:17 - INFO - 程序启动
2024-08-10 12:41:00 - INFO - 程序启动
2024-08-10 12:41:44 - INFO - 程序启动
2024-08-10 12:41:53 - INFO - 程序启动
2024-08-10 12:42:03 - INFO - 程序启动
2024-08-10 12:42:17 - INFO - 程序启动
2024-08-10 12:42:25 - INFO - 程序启动
2024-08-10 12:42:37 - INFO - 程序启动
2024-08-10 12:42:53 - INFO - 程序启动
2024-08-10 12:43:07 - INFO - 程序启动
2024-08-10 12:43:35 - INFO - 程序启动
2024-08-10 12:43:53 - INFO - 程序启动
2024-08-10 12:44:02 - INFO - 程序启动
2024-08-10 12:44:12 - INFO - 程序启动
2024-08-10 12:44:21 - INFO - 程序启动
2024-08-10 12:46:28 - INFO - 程序启动
2024-08-10 12:56:05 - INFO - 程序启动
2024-08-10 12:56:25 - INFO - 程序启动
2024-08-10 12:56:49 - INFO - 程序启动
2024-08-10 12:58:48 - INFO - 程序启动
2024-08-10 12:59:01 - INFO - 程序启动
2024-08-10 12:59:35 - INFO - 程序启动
2024-08-10 13:00:41 - INFO - 程序启动
2024-08-10 13:01:09 - INFO - 程序启动
2024-08-10 13:01:20 - INFO - 程序启动
2024-08-10 13:01:30 - INFO - 程序启动
2024-08-10 13:01:39 - INFO - 程序启动
2024-08-10 13:01:47 - INFO - 程序启动
2024-08-10 13:02:09 - INFO - 程序启动
2024-08-10 13:02:22 - INFO - 程序启动
2024-08-10 13:02:53 - INFO - 程序启动
2024-08-10 13:03:08 - INFO - 程序启动
2024-08-10 13:03:25 - INFO - 程序启动
2024-08-10 13:03:49 - INFO - 程序启动
2024-08-10 13:06:56 - INFO - 程序启动
2024-08-10 13:07:33 - INFO - 程序启动
2024-08-10 13:07:49 - INFO - 程序启动
2024-08-10 13:09:49 - INFO - 程序启动
2024-08-10 13:09:55 - INFO - run_command 执行
2024-08-10 13:09:58 - INFO - Process exited with code 0
2024-08-10 13:10:10 - INFO - run_command 执行
2024-08-10 13:10:14 - INFO - Process exited with code 0
2024-08-10 13:10:14 - INFO - run_command 执行
2024-08-10 13:10:27 - INFO - Process exited with code 0
2024-08-10 13:10:27 - INFO - run_command 执行
2024-08-10 13:10:43 - INFO - Process exited with code 0
2024-08-10 13:11:52 - INFO - 程序启动
2024-08-10 13:14:43 - INFO - 程序启动
2024-08-10 13:17:22 - INFO - 程序启动
2024-08-10 13:17:28 - INFO - run_command 执行
2024-08-10 13:17:31 - INFO - Process exited with code 0
2024-08-10 13:17:31 - INFO - run_command 执行
2024-08-10 13:17:41 - INFO - Process exited with code 0
2024-08-10 13:17:41 - INFO - run_command 执行
2024-08-10 13:17:57 - INFO - Process exited with code 0
2024-08-10 13:18:33 - INFO - 程序启动
2024-08-10 13:18:39 - INFO - run_command 执行
2024-08-10 13:18:47 - INFO - Process exited with code 0
2024-08-10 13:18:47 - INFO - run_command 执行
2024-08-10 13:18:57 - INFO - Process exited with code 0
2024-08-10 13:18:57 - INFO - run_command 执行
2024-08-10 13:19:15 - INFO - Process exited with code 0
2024-08-10 13:19:44 - INFO - 程序启动
2024-08-10 13:19:49 - INFO - run_command 执行
2024-08-10 13:19:58 - INFO - Process exited with code 0
2024-08-10 13:19:58 - INFO - run_command 执行
2024-08-10 13:20:09 - INFO - Process exited with code 0
2024-08-10 13:20:09 - INFO - run_command 执行
2024-08-10 13:20:27 - INFO - Process exited with code 0
2024-08-10 13:20:36 - INFO - 程序启动
2024-08-10 13:20:40 - INFO - run_command 执行
2024-08-10 13:20:45 - INFO - Process exited with code 0
2024-08-10 13:20:45 - INFO - run_command 执行
2024-08-10 13:20:54 - INFO - Process exited with code 0
2024-08-10 13:20:54 - INFO - run_command 执行
2024-08-10 13:21:11 - INFO - Process exited with code 0
2024-08-10 14:44:49 - INFO - 程序启动
2024-08-10 14:44:54 - INFO - run_command 执行
2024-08-10 14:44:54 - ERROR - An error occurred: 'NoneType' object has no attribute 'readline'
2024-08-10 14:45:12 - INFO - 程序启动
2024-08-10 14:45:18 - INFO - run_command 执行
2024-08-10 14:45:18 - ERROR - An error occurred: 'NoneType' object is not callable
2024-08-10 14:47:21 - INFO - 程序启动
2024-08-10 14:47:26 - INFO - run_command 执行
2024-08-10 14:47:26 - INFO - <Popen: returncode: None args: ['./tools/ffmpeg.exe', '-y', '-i', 'X:\\Upupo...>
2024-08-10 14:48:28 - INFO - 程序启动
2024-08-10 14:48:33 - INFO - run_command 执行
2024-08-10 14:48:33 - INFO - <Popen: returncode: None args: ['./tools/ffmpeg.exe', '-y', '-i', 'X:\\Upupo...>
2024-08-10 14:55:43 - INFO - 程序启动
2024-08-10 14:55:47 - INFO - run_command 执行
2024-08-10 14:55:47 - INFO - <Popen: returncode: None args: ['./tools/ffmpeg.exe', '-y', '-i', 'X:\\Upupo...>
2024-08-10 14:56:25 - INFO - run_command 执行
2024-08-10 14:56:25 - INFO - <Popen: returncode: None args: ['./tools/ffmpeg.exe', '-y', '-i', 'X:\\Upupo...>
2024-08-10 14:56:44 - INFO - run_command 执行
2024-08-10 14:56:44 - INFO - <Popen: returncode: None args: ['./tools/ffmpeg.exe', '-y', '-i', 'X:\\Upupo...>
2024-08-10 14:57:58 - INFO - 程序启动
2024-08-10 14:58:03 - INFO - run_command 执行
2024-08-10 14:58:35 - INFO - 程序启动
2024-08-10 14:58:40 - INFO - run_command 执行
2024-08-10 14:58:44 - INFO - Process exited with code 0
2024-08-10 14:59:11 - INFO - 程序启动
2024-08-10 14:59:16 - INFO - run_command 执行
2024-08-10 14:59:20 - INFO - Process exited with code 0
2024-08-10 14:59:26 - INFO - run_command 执行
2024-08-10 14:59:31 - INFO - Process exited with code 0
2024-08-10 14:59:37 - INFO - run_command 执行
2024-08-10 14:59:42 - INFO - Process exited with code 0
2024-08-10 14:59:42 - INFO - run_command 执行
2024-08-10 14:59:52 - INFO - Process exited with code 0
2024-08-10 14:59:52 - INFO - run_command 执行
2024-08-10 15:00:11 - INFO - Process exited with code 0
2024-08-10 15:01:47 - INFO - 程序启动
2024-08-10 15:01:51 - INFO - run_command 执行
2024-08-10 15:01:56 - INFO - Process exited with code 0
2024-08-10 15:01:56 - INFO - run_command 执行
2024-08-10 15:02:05 - INFO - Process exited with code 0
2024-08-10 15:02:05 - INFO - run_command 执行
2024-08-10 15:02:23 - INFO - Process exited with code 0
2024-08-10 15:02:32 - INFO - 程序启动
2024-08-10 15:02:37 - INFO - run_command 执行
2024-08-10 15:02:41 - INFO - Process exited with code 0
2024-08-10 15:02:41 - INFO - run_command 执行
2024-08-10 15:02:52 - INFO - Process exited with code 0
2024-08-10 15:02:52 - INFO - run_command 执行
2024-08-10 15:03:11 - INFO - Process exited with code 0
2024-08-10 15:03:54 - INFO - 程序启动
2024-08-10 15:03:59 - INFO - run_command 执行
2024-08-10 15:04:06 - INFO - Process exited with code 0
2024-08-10 15:04:06 - INFO - run_command 执行
2024-08-10 15:04:18 - INFO - Process exited with code 0
2024-08-10 15:04:18 - INFO - run_command 执行
2024-08-10 15:04:38 - INFO - Process exited with code 0
2024-08-10 15:05:01 - INFO - 程序启动
2024-08-10 15:05:05 - INFO - run_command 执行
2024-08-10 15:05:09 - INFO - Process exited with code 0
2024-08-10 15:05:09 - INFO - run_command 执行
2024-08-10 15:05:20 - INFO - Process exited with code 0
2024-08-10 15:05:20 - INFO - run_command 执行
2024-08-10 15:05:39 - INFO - Process exited with code 0
2024-08-10 15:05:52 - INFO - 程序启动
2024-08-10 15:05:57 - INFO - run_command 执行
2024-08-10 15:06:01 - INFO - Process exited with code 0
2024-08-10 15:06:01 - INFO - run_command 执行
2024-08-10 15:06:11 - INFO - Process exited with code 0
2024-08-10 15:06:11 - INFO - run_command 执行
2024-08-10 15:06:30 - INFO - Process exited with code 0
2024-08-10 15:44:51 - INFO - 程序启动
2024-08-10 15:44:55 - INFO - run_command 执行
2024-08-10 15:44:55 - ERROR - An error occurred: 'gbk' codec can't decode byte 0xae in position 80: illegal multibyte sequence
2024-08-10 15:44:55 - INFO - run_command 执行
2024-08-10 15:45:07 - INFO - Process exited with code 0
2024-08-10 15:45:07 - INFO - run_command 执行
2024-08-10 15:45:24 - INFO - Process exited with code 0
2024-08-10 15:46:04 - INFO - 程序启动
2024-08-10 15:46:09 - INFO - run_command 执行
2024-08-10 15:46:09 - ERROR - An error occurred: 'gbk' codec can't decode byte 0xae in position 80: illegal multibyte sequence
2024-08-10 15:46:09 - INFO - run_command 执行
2024-08-10 15:46:21 - INFO - Process exited with code 0
2024-08-10 15:46:21 - INFO - run_command 执行
2024-08-10 15:46:37 - INFO - Process exited with code 0
2024-08-10 15:47:32 - INFO - 程序启动
2024-08-10 15:47:37 - INFO - run_command 执行
2024-08-10 15:47:40 - INFO - Process exited with code 0
2024-08-10 15:47:41 - INFO - run_command 执行
2024-08-10 15:47:50 - INFO - Process exited with code 0
2024-08-10 15:47:50 - INFO - run_command 执行
2024-08-10 15:48:06 - INFO - Process exited with code 0
2024-08-10 15:52:38 - INFO - 程序启动
2024-08-10 15:52:42 - INFO - run_command 执行
2024-08-10 15:52:47 - INFO - Process exited with code 0
2024-08-10 15:52:47 - INFO - run_command 执行
2024-08-10 15:52:58 - INFO - Process exited with code 0
2024-08-10 15:52:58 - INFO - run_command 执行
2024-08-10 15:53:18 - INFO - Process exited with code 0
2024-08-10 15:56:28 - INFO - 程序启动
2024-08-10 15:56:33 - INFO - run_command 执行
2024-08-10 15:57:10 - INFO - 程序启动
2024-08-10 15:57:14 - INFO - run_command 执行
2024-08-10 15:57:19 - INFO - Process exited with code 0
2024-08-10 15:57:19 - INFO - run_command 执行
2024-08-10 15:57:33 - INFO - Process exited with code 0
2024-08-10 15:57:33 - INFO - run_command 执行
2024-08-10 15:58:20 - INFO - 程序启动
2024-08-10 15:58:25 - INFO - run_command 执行
2024-08-10 15:58:30 - INFO - Process exited with code 0
2024-08-10 15:58:30 - INFO - run_command 执行
2024-08-10 15:59:29 - INFO - 程序启动
2024-08-10 15:59:34 - INFO - run_command 执行
2024-08-10 15:59:40 - ERROR - An error occurred: [WinError 32] 另一个程序正在使用此文件，进程无法访问。: './temp.txt'
2024-08-10 15:59:40 - INFO - run_command 执行
2024-08-10 15:59:55 - ERROR - An error occurred: [WinError 32] 另一个程序正在使用此文件，进程无法访问。: './temp.txt'
2024-08-10 15:59:55 - INFO - run_command 执行
2024-08-10 16:04:29 - INFO - 程序启动
2024-08-10 16:04:34 - INFO - run_command 执行
2024-08-10 16:04:38 - ERROR - An error occurred: [WinError 32] 另一个程序正在使用此文件，进程无法访问。: './temp.txt'
2024-08-10 16:04:38 - INFO - run_command 执行
2024-08-10 16:04:48 - ERROR - An error occurred: [WinError 32] 另一个程序正在使用此文件，进程无法访问。: './temp.txt'
2024-08-10 16:04:48 - INFO - run_command 执行
2024-08-10 16:05:06 - ERROR - An error occurred: [WinError 32] 另一个程序正在使用此文件，进程无法访问。: './temp.txt'
2024-08-10 16:56:53 - INFO - 程序启动
2024-08-10 16:56:57 - INFO - run_command 执行
2024-08-10 16:57:01 - ERROR - An error occurred: [WinError 32] 另一个程序正在使用此文件，进程无法访问。: './temp.txt'
2024-08-10 16:57:01 - INFO - run_command 执行
2024-08-10 16:57:11 - ERROR - An error occurred: [WinError 32] 另一个程序正在使用此文件，进程无法访问。: './temp.txt'
2024-08-10 16:57:11 - INFO - run_command 执行
2024-08-10 16:57:29 - ERROR - An error occurred: [WinError 32] 另一个程序正在使用此文件，进程无法访问。: './temp.txt'
2024-08-10 16:57:57 - INFO - 程序启动
2024-08-10 16:58:04 - INFO - run_command 执行
2024-08-10 16:58:08 - ERROR - An error occurred: [WinError 32] 另一个程序正在使用此文件，进程无法访问。: './temp.txt'
2024-08-10 16:58:08 - INFO - run_command 执行
2024-08-10 16:58:18 - ERROR - An error occurred: [WinError 32] 另一个程序正在使用此文件，进程无法访问。: './temp.txt'
2024-08-10 16:58:18 - INFO - run_command 执行
2024-08-10 16:58:36 - ERROR - An error occurred: [WinError 32] 另一个程序正在使用此文件，进程无法访问。: './temp.txt'
2024-08-10 17:09:04 - INFO - 程序启动
2024-08-10 17:09:49 - INFO - run_command 执行
2024-08-10 17:09:49 - ERROR - run_command_except Exception as e: unknown encoding: uft-8
2024-08-10 17:09:49 - INFO - run_command 执行
2024-08-10 17:09:49 - ERROR - run_command_except Exception as e: unknown encoding: uft-8
2024-08-10 17:09:49 - INFO - run_command 执行
2024-08-10 17:09:49 - ERROR - run_command_except Exception as e: unknown encoding: uft-8
2024-08-10 17:09:57 - INFO - run_command 执行
2024-08-10 17:09:57 - ERROR - run_command_except Exception as e: unknown encoding: uft-8
2024-08-10 17:09:57 - INFO - run_command 执行
2024-08-10 17:09:57 - ERROR - run_command_except Exception as e: unknown encoding: uft-8
2024-08-10 17:09:57 - INFO - run_command 执行
2024-08-10 17:09:57 - ERROR - run_command_except Exception as e: unknown encoding: uft-8
2024-08-10 17:10:05 - INFO - run_command 执行
2024-08-10 17:10:05 - ERROR - run_command_except Exception as e: unknown encoding: uft-8
2024-08-10 17:10:05 - INFO - run_command 执行
2024-08-10 17:10:05 - ERROR - run_command_except Exception as e: unknown encoding: uft-8
2024-08-10 17:10:05 - INFO - run_command 执行
2024-08-10 17:10:05 - ERROR - run_command_except Exception as e: unknown encoding: uft-8
2024-08-10 17:12:37 - INFO - 程序启动
2024-08-10 17:12:41 - INFO - run_command 执行
2024-08-10 17:12:41 - ERROR - run_command_except Exception as e: unknown encoding: uft-8
2024-08-10 17:12:41 - INFO - run_command 执行
2024-08-10 17:12:41 - ERROR - run_command_except Exception as e: unknown encoding: uft-8
2024-08-10 17:12:41 - INFO - run_command 执行
2024-08-10 17:12:41 - ERROR - run_command_except Exception as e: unknown encoding: uft-8
2024-08-10 17:13:29 - INFO - 程序启动
2024-08-10 17:13:32 - INFO - run_command 执行
2024-08-10 17:13:32 - ERROR - run_command_except Exception as e: unknown encoding: uft-8
2024-08-10 17:13:32 - INFO - run_command 执行
2024-08-10 17:13:32 - ERROR - run_command_except Exception as e: unknown encoding: uft-8
2024-08-10 17:13:32 - INFO - run_command 执行
2024-08-10 17:13:32 - ERROR - run_command_except Exception as e: unknown encoding: uft-8
2024-08-10 17:13:59 - INFO - 程序启动
2024-08-10 17:14:03 - INFO - run_command 执行
2024-08-10 17:14:03 - ERROR - run_command_except Exception as e: unknown encoding: uft-8
2024-08-10 17:14:03 - INFO - run_command 执行
2024-08-10 17:14:03 - ERROR - run_command_except Exception as e: unknown encoding: uft-8
2024-08-10 17:14:03 - INFO - run_command 执行
2024-08-10 17:14:03 - ERROR - run_command_except Exception as e: unknown encoding: uft-8
2024-08-10 17:15:44 - INFO - 程序启动
2024-08-10 17:15:48 - INFO - run_command 执行
2024-08-10 17:15:48 - INFO - <Popen: returncode: None args: ['./tools/ffmpeg.exe', '-y', '-i', 'X:\\Upupo...>
2024-08-10 17:15:51 - INFO - run_command 执行
2024-08-10 17:15:51 - INFO - <Popen: returncode: None args: ['./tools/ffmpeg.exe', '-y', '-i', 'X:\\Captu...>
2024-08-10 17:16:00 - INFO - run_command 执行
2024-08-10 17:16:00 - INFO - <Popen: returncode: None args: ['./tools/ffmpeg.exe', '-y', '-i', 'C:\\Users...>
2024-08-10 17:16:58 - INFO - 程序启动
2024-08-10 17:17:03 - INFO - run_command 执行
2024-08-10 17:17:03 - INFO - <Popen: returncode: None args: ['./tools/ffmpeg.exe', '-y', '-i', 'X:\\Upupo...>
2024-08-10 17:17:06 - INFO - run_command 执行
2024-08-10 17:17:06 - INFO - <Popen: returncode: None args: ['./tools/ffmpeg.exe', '-y', '-i', 'X:\\Captu...>
2024-08-10 17:17:16 - INFO - run_command 执行
2024-08-10 17:17:16 - INFO - <Popen: returncode: None args: ['./tools/ffmpeg.exe', '-y', '-i', 'C:\\Users...>
2024-08-10 17:19:21 - INFO - 程序启动
2024-08-10 17:19:25 - INFO - run_command 执行
2024-08-10 17:19:25 - INFO - <Popen: returncode: None args: ['./tools/ffmpeg.exe', '-y', '-i', 'X:\\Upupo...>
2024-08-10 17:19:28 - INFO - run_command 执行
2024-08-10 17:19:28 - INFO - <Popen: returncode: None args: ['./tools/ffmpeg.exe', '-y', '-i', 'X:\\Captu...>
2024-08-10 17:19:37 - INFO - run_command 执行
2024-08-10 17:19:37 - INFO - <Popen: returncode: None args: ['./tools/ffmpeg.exe', '-y', '-i', 'C:\\Users...>
2024-08-10 17:20:19 - INFO - 程序启动
2024-08-10 17:20:28 - INFO - run_command 执行
2024-08-10 17:20:28 - INFO - <Popen: returncode: None args: ['./tools/ffmpeg.exe', '-y', '-i', 'X:\\Upupo...>
2024-08-10 17:20:31 - INFO - run_command 执行
2024-08-10 17:20:31 - INFO - <Popen: returncode: None args: ['./tools/ffmpeg.exe', '-y', '-i', 'X:\\Captu...>
2024-08-10 17:20:40 - INFO - run_command 执行
2024-08-10 17:20:40 - INFO - <Popen: returncode: None args: ['./tools/ffmpeg.exe', '-y', '-i', 'C:\\Users...>
2024-08-10 18:00:07 - INFO - run_command 执行
2024-08-10 18:00:07 - INFO - <Popen: returncode: None args: ['./tools/ffmpeg.exe', '-y', '-i', 'X:\\Upupo...>
2024-08-10 18:00:10 - INFO - run_command 执行
2024-08-10 18:00:10 - INFO - <Popen: returncode: None args: ['./tools/ffmpeg.exe', '-y', '-i', 'X:\\Captu...>
2024-08-10 18:00:19 - INFO - run_command 执行
2024-08-10 18:00:19 - INFO - <Popen: returncode: None args: ['./tools/ffmpeg.exe', '-y', '-i', 'C:\\Users...>
2024-08-10 18:01:02 - INFO - 程序启动
2024-08-10 18:01:06 - INFO - run_command 执行
2024-08-10 18:01:06 - INFO - <Popen: returncode: None args: ['./tools/ffmpeg.exe', '-y', '-i', 'X:\\Upupo...>
2024-08-10 18:01:10 - INFO - run_command 执行
2024-08-10 18:01:10 - INFO - <Popen: returncode: None args: ['./tools/ffmpeg.exe', '-y', '-i', 'X:\\Captu...>
2024-08-10 18:01:19 - INFO - run_command 执行
2024-08-10 18:01:19 - INFO - <Popen: returncode: None args: ['./tools/ffmpeg.exe', '-y', '-i', 'C:\\Users...>
2024-08-10 18:03:10 - INFO - 程序启动
2024-08-10 18:03:15 - INFO - run_command 执行
2024-08-10 18:03:15 - INFO - <Popen: returncode: None args: ['./tools/ffmpeg.exe', '-y', '-i', 'X:\\Upupo...>
2024-08-10 18:03:18 - INFO - run_command 执行
2024-08-10 18:03:18 - INFO - <Popen: returncode: None args: ['./tools/ffmpeg.exe', '-y', '-i', 'X:\\Captu...>
2024-08-10 18:03:27 - INFO - run_command 执行
2024-08-10 18:03:27 - INFO - <Popen: returncode: None args: ['./tools/ffmpeg.exe', '-y', '-i', 'C:\\Users...>
2024-08-10 18:04:16 - INFO - 程序启动
2024-08-10 18:04:21 - INFO - run_command 执行
2024-08-10 18:04:21 - INFO - <Popen: returncode: None args: ['./tools/ffmpeg.exe', '-y', '-i', 'X:\\Upupo...>
2024-08-10 18:04:21 - ERROR - run_command_except Exception as e: threads can only be started once
2024-08-10 18:04:21 - INFO - run_command 执行
2024-08-10 18:04:21 - INFO - <Popen: returncode: None args: ['./tools/ffmpeg.exe', '-y', '-i', 'X:\\Captu...>
2024-08-10 18:04:21 - ERROR - run_command_except Exception as e: threads can only be started once
2024-08-10 18:04:21 - INFO - run_command 执行
2024-08-10 18:04:21 - INFO - <Popen: returncode: None args: ['./tools/ffmpeg.exe', '-y', '-i', 'C:\\Users...>
2024-08-10 18:04:21 - ERROR - run_command_except Exception as e: threads can only be started once
2024-08-10 18:05:55 - INFO - 程序启动
2024-08-10 18:05:59 - INFO - run_command 执行
2024-08-10 18:05:59 - INFO - <Popen: returncode: None args: ['./tools/ffmpeg.exe', '-y', '-i', 'X:\\Upupo...>
2024-08-10 18:06:03 - INFO - run_command 执行
2024-08-10 18:06:03 - INFO - <Popen: returncode: None args: ['./tools/ffmpeg.exe', '-y', '-i', 'X:\\Captu...>
2024-08-10 18:06:12 - INFO - run_command 执行
2024-08-10 18:06:12 - INFO - <Popen: returncode: None args: ['./tools/ffmpeg.exe', '-y', '-i', 'C:\\Users...>
2024-08-10 18:07:12 - INFO - 程序启动
2024-08-10 18:07:16 - INFO - run_command 执行
2024-08-10 18:07:16 - INFO - <Popen: returncode: None args: ['./tools/ffmpeg.exe', '-y', '-i', 'X:\\Upupo...>
2024-08-10 18:07:20 - INFO - run_command 执行
2024-08-10 18:07:20 - INFO - <Popen: returncode: None args: ['./tools/ffmpeg.exe', '-y', '-i', 'X:\\Captu...>
2024-08-10 18:07:29 - INFO - run_command 执行
2024-08-10 18:07:29 - INFO - <Popen: returncode: None args: ['./tools/ffmpeg.exe', '-y', '-i', 'C:\\Users...>
2024-08-10 18:08:07 - INFO - 程序启动
2024-08-10 18:08:11 - INFO - run_command 执行
2024-08-10 18:08:11 - INFO - <Popen: returncode: None args: ['./tools/ffmpeg.exe', '-y', '-i', 'X:\\Upupo...>
2024-08-10 18:08:15 - INFO - run_command 执行
2024-08-10 18:08:15 - INFO - <Popen: returncode: None args: ['./tools/ffmpeg.exe', '-y', '-i', 'X:\\Captu...>
2024-08-10 18:08:24 - INFO - run_command 执行
2024-08-10 18:08:24 - INFO - <Popen: returncode: None args: ['./tools/ffmpeg.exe', '-y', '-i', 'C:\\Users...>
2024-08-10 18:08:55 - INFO - 程序启动
2024-08-10 18:09:00 - INFO - run_command 执行
2024-08-10 18:09:00 - INFO - <Popen: returncode: None args: ['./tools/ffmpeg.exe', '-y', '-i', 'X:\\Upupo...>
2024-08-10 18:09:04 - INFO - run_command 执行
2024-08-10 18:09:04 - INFO - <Popen: returncode: None args: ['./tools/ffmpeg.exe', '-y', '-i', 'X:\\Captu...>
2024-08-10 18:09:13 - INFO - run_command 执行
2024-08-10 18:09:13 - INFO - <Popen: returncode: None args: ['./tools/ffmpeg.exe', '-y', '-i', 'C:\\Users...>
2024-08-10 18:09:54 - INFO - 程序启动
2024-08-10 18:09:58 - INFO - run_command 执行
2024-08-10 18:09:58 - INFO - <Popen: returncode: None args: ['./tools/ffmpeg.exe', '-y', '-i', 'X:\\Upupo...>
2024-08-10 18:10:02 - INFO - run_command 执行
2024-08-10 18:10:02 - INFO - <Popen: returncode: None args: ['./tools/ffmpeg.exe', '-y', '-i', 'X:\\Captu...>
2024-08-10 18:10:11 - INFO - run_command 执行
2024-08-10 18:10:11 - INFO - <Popen: returncode: None args: ['./tools/ffmpeg.exe', '-y', '-i', 'C:\\Users...>
2024-08-10 18:11:14 - INFO - 程序启动
2024-08-10 18:11:19 - INFO - run_command 执行
2024-08-10 18:11:22 - INFO - Process exited with code 0
2024-08-10 18:11:22 - INFO - run_command 执行
2024-08-10 18:11:33 - ERROR - An error occurred: [WinError 32] 另一个程序正在使用此文件，进程无法访问。: './temp.txt'
2024-08-10 18:11:33 - INFO - run_command 执行
2024-08-10 18:12:33 - INFO - 程序启动
2024-08-10 18:12:39 - INFO - run_command 执行
2024-08-10 18:12:53 - INFO - 程序启动
2024-08-10 18:12:57 - INFO - run_command 执行
2024-08-10 18:13:01 - INFO - Process exited with code 0
2024-08-10 18:13:01 - INFO - run_command 执行
2024-08-10 18:13:22 - INFO - 程序启动
2024-08-10 18:13:26 - INFO - run_command 执行
2024-08-10 18:13:30 - ERROR - An error occurred: [WinError 32] 另一个程序正在使用此文件，进程无法访问。: './temp.txt'
2024-08-10 18:13:30 - INFO - run_command 执行
2024-08-10 18:13:39 - ERROR - An error occurred: [WinError 32] 另一个程序正在使用此文件，进程无法访问。: './temp.txt'
2024-08-10 18:13:39 - INFO - run_command 执行
2024-08-10 18:13:56 - ERROR - An error occurred: [WinError 32] 另一个程序正在使用此文件，进程无法访问。: './temp.txt'
2024-08-10 18:14:03 - INFO - run_command 执行
2024-08-10 18:14:08 - ERROR - An error occurred: [WinError 32] 另一个程序正在使用此文件，进程无法访问。: './temp.txt'
2024-08-10 18:14:08 - INFO - run_command 执行
2024-08-10 18:14:17 - ERROR - An error occurred: [WinError 32] 另一个程序正在使用此文件，进程无法访问。: './temp.txt'
2024-08-10 18:14:17 - INFO - run_command 执行
2024-08-10 18:14:34 - ERROR - An error occurred: [WinError 32] 另一个程序正在使用此文件，进程无法访问。: './temp.txt'
2024-08-10 18:27:42 - INFO - run_command 执行
2024-08-10 18:27:46 - ERROR - An error occurred: [WinError 32] 另一个程序正在使用此文件，进程无法访问。: './temp.txt'
2024-08-10 18:27:46 - INFO - run_command 执行
2024-08-10 18:27:55 - ERROR - An error occurred: [WinError 32] 另一个程序正在使用此文件，进程无法访问。: './temp.txt'
2024-08-10 18:27:55 - INFO - run_command 执行
2024-08-10 18:28:12 - ERROR - An error occurred: [WinError 32] 另一个程序正在使用此文件，进程无法访问。: './temp.txt'
2024-08-10 18:28:21 - INFO - 程序启动
2024-08-10 18:28:26 - INFO - run_command 执行
2024-08-10 18:28:30 - ERROR - An error occurred: [WinError 32] 另一个程序正在使用此文件，进程无法访问。: './temp.txt'
2024-08-10 18:28:30 - INFO - run_command 执行
2024-08-10 18:28:39 - INFO - Process exited with code 0
2024-08-10 18:28:39 - INFO - run_command 执行
2024-08-10 18:28:56 - ERROR - An error occurred: [WinError 32] 另一个程序正在使用此文件，进程无法访问。: './temp.txt'
2024-08-12 10:16:01 - INFO - 程序启动
2024-08-12 10:16:10 - INFO - run_command 执行
2024-08-12 10:16:10 - INFO - <Popen: returncode: None args: ['./tools/ffmpeg.exe', '-y', '-i', 'X:\\Upupo...>
2024-08-12 10:16:14 - INFO - run_command 执行
2024-08-12 10:16:14 - INFO - <Popen: returncode: None args: ['./tools/ffmpeg.exe', '-y', '-i', 'X:\\Captu...>
2024-08-12 10:16:23 - INFO - run_command 执行
2024-08-12 10:16:23 - INFO - <Popen: returncode: None args: ['./tools/ffmpeg.exe', '-y', '-i', 'C:\\Users...>
2024-08-12 10:16:59 - INFO - 程序启动
2024-08-12 10:17:04 - INFO - run_command 执行
2024-08-12 10:17:04 - INFO - <Popen: returncode: None args: ['./tools/ffmpeg.exe', '-y', '-i', 'X:\\Upupo...>
2024-08-12 10:17:08 - INFO - run_command 执行
2024-08-12 10:17:08 - INFO - <Popen: returncode: None args: ['./tools/ffmpeg.exe', '-y', '-i', 'X:\\Captu...>
2024-08-12 10:17:17 - INFO - run_command 执行
2024-08-12 10:17:17 - INFO - <Popen: returncode: None args: ['./tools/ffmpeg.exe', '-y', '-i', 'C:\\Users...>
2024-08-12 10:32:06 - INFO - 程序启动
2024-08-12 10:33:25 - INFO - 程序启动
2024-08-12 10:35:57 - INFO - 程序启动
2024-08-12 10:43:09 - INFO - 程序启动
2024-08-12 10:43:59 - INFO - 程序启动
2024-08-12 10:47:00 - INFO - 程序启动
2024-08-12 10:54:25 - INFO - 程序启动
2024-08-12 10:58:30 - INFO - 程序启动
2024-08-12 11:04:52 - INFO - 程序启动
2024-08-12 11:06:26 - INFO - 程序启动
2024-08-12 11:07:23 - INFO - 程序启动
2024-08-12 11:08:13 - INFO - 程序启动
2024-08-12 11:10:13 - INFO - 程序启动
2024-08-12 11:34:39 - INFO - 程序启动
2024-08-12 11:38:55 - INFO - 程序启动
2024-08-12 12:53:36 - INFO - 程序启动
2024-08-12 12:53:57 - INFO - 程序启动
2024-08-12 12:57:56 - INFO - 程序启动
2024-08-12 12:59:00 - INFO - 程序启动
2024-08-12 13:00:20 - INFO - 程序启动
2024-08-12 13:02:14 - INFO - 程序启动
2024-08-12 13:08:16 - INFO - 程序启动
2024-08-12 13:10:54 - INFO - 程序启动
2024-08-12 13:11:02 - INFO - run_command 执行
2024-08-12 13:11:02 - INFO - <Popen: returncode: None args: ['./tools/ffmpeg.exe', '-y', '-i', 'X:\\Upupo...>
2024-08-12 13:14:15 - INFO - run_command 执行
2024-08-12 13:14:15 - INFO - <Popen: returncode: None args: ['./tools/ffmpeg.exe', '-y', '-i', 'X:\\Upupo...>
2024-08-12 13:14:24 - INFO - run_command 执行
2024-08-12 13:14:24 - INFO - <Popen: returncode: None args: ['./tools/ffmpeg.exe', '-y', '-i', 'X:\\Upupo...>
2024-08-13 13:23:51 - INFO - 程序启动
2024-08-13 13:27:01 - INFO - run_command 执行
2024-08-13 13:27:01 - INFO - <Popen: returncode: None args: ['./tools/ffmpeg.exe', '-y', '-i', 'X:\\Upupo...>
2024-08-13 13:29:52 - INFO - 程序启动
2024-08-13 13:29:57 - INFO - run_command 执行
2024-08-13 13:29:57 - INFO - <Popen: returncode: None args: ['./tools/ffmpeg.exe', '-y', '-i', 'X:\\Upupo...>
2024-08-13 13:30:00 - INFO - run_command 执行
2024-08-13 13:30:00 - INFO - <Popen: returncode: None args: ['./tools/ffmpeg.exe', '-y', '-i', 'X:\\Upupo...>
2024-08-13 14:11:04 - INFO - 程序启动
2024-08-13 14:14:29 - INFO - 程序启动
2024-08-13 14:15:29 - INFO - 程序启动
2024-08-13 14:15:37 - INFO - run_command 执行
2024-08-13 14:15:37 - INFO - <Popen: returncode: None args: ['./tools/ffmpeg.exe', '-y', '-i', 'X:\\Upupo...>
2024-08-13 14:16:53 - INFO - 程序启动
2024-08-13 14:16:57 - INFO - run_command 执行
2024-08-13 14:16:57 - INFO - <Popen: returncode: None args: ['./tools/ffmpeg.exe', '-y', '-i', 'X:\\Upupo...>
2024-08-13 14:18:10 - INFO - run_command 执行
2024-08-13 14:18:10 - INFO - <Popen: returncode: None args: ['./tools/ffmpeg.exe', '-y', '-i', 'X:\\Upupo...>
2024-08-13 14:19:44 - INFO - 程序启动
2024-08-13 14:19:48 - INFO - run_command 执行
2024-08-13 14:19:48 - INFO - <Popen: returncode: None args: ['./tools/ffmpeg.exe', '-y', '-i', 'X:\\Upupo...>
2024-08-13 14:19:56 - INFO - run_command 执行
2024-08-13 14:19:56 - INFO - <Popen: returncode: None args: ['./tools/ffmpeg.exe', '-y', '-i', 'X:\\Upupo...>
2024-08-13 14:20:29 - INFO - run_command 执行
2024-08-13 14:20:29 - INFO - <Popen: returncode: None args: ['./tools/ffmpeg.exe', '-y', '-i', 'X:\\Upupo...>
2024-08-13 14:21:27 - INFO - 程序启动
2024-08-13 14:21:31 - INFO - run_command 执行
2024-08-13 14:21:31 - INFO - <Popen: returncode: None args: ['./tools/ffmpeg.exe', '-y', '-i', 'X:\\Upupo...>
2024-08-13 14:21:37 - INFO - run_command 执行
2024-08-13 14:21:37 - INFO - <Popen: returncode: None args: ['./tools/ffmpeg.exe', '-y', '-i', 'X:\\Upupo...>
